# JRE version: OpenJDK Runtime Environment (8.0_152-b01) (build 1.8.0_152-release-915-b01)
# Java VM: OpenJDK 64-Bit Server VM (25.152-b01 mixed mode windows-amd64 compressed oops)
Heap:
 PSYoungGen      total 122880K, used 20574K [0x00000000e0000000, 0x00000000e8b80000, 0x0000000100000000)
  eden space 112640K, 9% used [0x00000000e0000000,0x00000000e0a729c8,0x00000000e6e00000)
  from space 10240K, 96% used [0x00000000e8180000,0x00000000e8b250a8,0x00000000e8b80000)
  to   space 11776K, 0% used [0x00000000e7480000,0x00000000e7480000,0x00000000e8000000)
 ParOldGen       total 60928K, used 16216K [0x00000000a0000000, 0x00000000a3b80000, 0x00000000e0000000)
  object space 60928K, 26% used [0x00000000a0000000,0x00000000a0fd6278,0x00000000a3b80000)
 Metaspace       used 41522K, capacity 42348K, committed 42496K, reserved 1085440K
  class space    used 5539K, capacity 5877K, committed 5888K, reserved 1048576K
GC Heap History (10 events):
Event: 19.644 GC heap before
{Heap before GC invocations=8 (full 1):
 PSYoungGen      total 64000K, used 58514K [0x00000000e0000000, 0x00000000e4900000, 0x0000000100000000)
  eden space 53248K, 100% used [0x00000000e0000000,0x00000000e3400000,0x00000000e3400000)
  from space 10752K, 48% used [0x00000000e3e80000,0x00000000e43a4ae0,0x00000000e4900000)
  to   space 10752K, 0% used [0x00000000e3400000,0x00000000e3400000,0x00000000e3e80000)
 ParOldGen       total 60928K, used 9058K [0x00000000a0000000, 0x00000000a3b80000, 0x00000000e0000000)
  object space 60928K, 14% used [0x00000000a0000000,0x00000000a08d8900,0x00000000a3b80000)
 Metaspace       used 30676K, capacity 31338K, committed 31488K, reserved 1077248K
  class space    used 4270K, capacity 4516K, committed 4608K, reserved 1048576K
Event: 19.663 GC heap after
Heap after GC invocations=8 (full 1):
 PSYoungGen      total 64000K, used 9067K [0x00000000e0000000, 0x00000000e6b80000, 0x0000000100000000)
  eden space 53248K, 0% used [0x00000000e0000000,0x00000000e0000000,0x00000000e3400000)
  from space 10752K, 84% used [0x00000000e3400000,0x00000000e3cdaec0,0x00000000e3e80000)
  to   space 11776K, 0% used [0x00000000e6000000,0x00000000e6000000,0x00000000e6b80000)
 ParOldGen       total 60928K, used 9130K [0x00000000a0000000, 0x00000000a3b80000, 0x00000000e0000000)
  object space 60928K, 14% used [0x00000000a0000000,0x00000000a08ea910,0x00000000a3b80000)
 Metaspace       used 30676K, capacity 31338K, committed 31488K, reserved 1077248K
  class space    used 4270K, capacity 4516K, committed 4608K, reserved 1048576K
}
Event: 21.510 GC heap before
{Heap before GC invocations=9 (full 1):
 PSYoungGen      total 64000K, used 62315K [0x00000000e0000000, 0x00000000e6b80000, 0x0000000100000000)
  eden space 53248K, 100% used [0x00000000e0000000,0x00000000e3400000,0x00000000e3400000)
  from space 10752K, 84% used [0x00000000e3400000,0x00000000e3cdaec0,0x00000000e3e80000)
  to   space 11776K, 0% used [0x00000000e6000000,0x00000000e6000000,0x00000000e6b80000)
 ParOldGen       total 60928K, used 9130K [0x00000000a0000000, 0x00000000a3b80000, 0x00000000e0000000)
  object space 60928K, 14% used [0x00000000a0000000,0x00000000a08ea910,0x00000000a3b80000)
 Metaspace       used 31586K, capacity 32266K, committed 32640K, reserved 1077248K
  class space    used 4314K, capacity 4612K, committed 4736K, reserved 1048576K
Event: 21.549 GC heap after
Heap after GC invocations=9 (full 1):
 PSYoungGen      total 98816K, used 6880K [0x00000000e0000000, 0x00000000e6d00000, 0x0000000100000000)
  eden space 87040K, 0% used [0x00000000e0000000,0x00000000e0000000,0x00000000e5500000)
  from space 11776K, 58% used [0x00000000e6000000,0x00000000e66b8020,0x00000000e6b80000)
  to   space 11264K, 0% used [0x00000000e5500000,0x00000000e5500000,0x00000000e6000000)
 ParOldGen       total 60928K, used 9138K [0x00000000a0000000, 0x00000000a3b80000, 0x00000000e0000000)
  object space 60928K, 14% used [0x00000000a0000000,0x00000000a08ec910,0x00000000a3b80000)
 Metaspace       used 31586K, capacity 32266K, committed 32640K, reserved 1077248K
  class space    used 4314K, capacity 4612K, committed 4736K, reserved 1048576K
}
Event: 22.886 GC heap before
{Heap before GC invocations=10 (full 1):
 PSYoungGen      total 98816K, used 30453K [0x00000000e0000000, 0x00000000e6d00000, 0x0000000100000000)
  eden space 87040K, 27% used [0x00000000e0000000,0x00000000e17056a8,0x00000000e5500000)
  from space 11776K, 58% used [0x00000000e6000000,0x00000000e66b8020,0x00000000e6b80000)
  to   space 11264K, 0% used [0x00000000e5500000,0x00000000e5500000,0x00000000e6000000)
 ParOldGen       total 60928K, used 9138K [0x00000000a0000000, 0x00000000a3b80000, 0x00000000e0000000)
  object space 60928K, 14% used [0x00000000a0000000,0x00000000a08ec910,0x00000000a3b80000)
 Metaspace       used 34537K, capacity 35272K, committed 35416K, reserved 1079296K
  class space    used 4702K, capacity 5002K, committed 5120K, reserved 1048576K
Event: 22.902 GC heap after
Heap after GC invocations=10 (full 1):
 PSYoungGen      total 98304K, used 6756K [0x00000000e0000000, 0x00000000e8c00000, 0x0000000100000000)
  eden space 87040K, 0% used [0x00000000e0000000,0x00000000e0000000,0x00000000e5500000)
  from space 11264K, 59% used [0x00000000e5500000,0x00000000e5b99368,0x00000000e6000000)
  to   space 10752K, 0% used [0x00000000e8180000,0x00000000e8180000,0x00000000e8c00000)
 ParOldGen       total 60928K, used 12322K [0x00000000a0000000, 0x00000000a3b80000, 0x00000000e0000000)
  object space 60928K, 20% used [0x00000000a0000000,0x00000000a0c08958,0x00000000a3b80000)
 Metaspace       used 34537K, capacity 35272K, committed 35416K, reserved 1079296K
  class space    used 4702K, capacity 5002K, committed 5120K, reserved 1048576K
}
Event: 22.902 GC heap before
{Heap before GC invocations=11 (full 2):
 PSYoungGen      total 98304K, used 6756K [0x00000000e0000000, 0x00000000e8c00000, 0x0000000100000000)
  eden space 87040K, 0% used [0x00000000e0000000,0x00000000e0000000,0x00000000e5500000)
  from space 11264K, 59% used [0x00000000e5500000,0x00000000e5b99368,0x00000000e6000000)
  to   space 10752K, 0% used [0x00000000e8180000,0x00000000e8180000,0x00000000e8c00000)
 ParOldGen       total 60928K, used 12322K [0x00000000a0000000, 0x00000000a3b80000, 0x00000000e0000000)
  object space 60928K, 20% used [0x00000000a0000000,0x00000000a0c08958,0x00000000a3b80000)
 Metaspace       used 34537K, capacity 35272K, committed 35416K, reserved 1079296K
  class space    used 4702K, capacity 5002K, committed 5120K, reserved 1048576K
Event: 23.030 GC heap after
Heap after GC invocations=11 (full 2):
 PSYoungGen      total 98304K, used 0K [0x00000000e0000000, 0x00000000e8c00000, 0x0000000100000000)
  eden space 87040K, 0% used [0x00000000e0000000,0x00000000e0000000,0x00000000e5500000)
  from space 11264K, 0% used [0x00000000e5500000,0x00000000e5500000,0x00000000e6000000)
  to   space 10752K, 0% used [0x00000000e8180000,0x00000000e8180000,0x00000000e8c00000)
 ParOldGen       total 60928K, used 16208K [0x00000000a0000000, 0x00000000a3b80000, 0x00000000e0000000)
  object space 60928K, 26% used [0x00000000a0000000,0x00000000a0fd4278,0x00000000a3b80000)
 Metaspace       used 34537K, capacity 35272K, committed 35416K, reserved 1079296K
  class space    used 4702K, capacity 5002K, committed 5120K, reserved 1048576K
}
Event: 24.781 GC heap before
{Heap before GC invocations=12 (full 2):
 PSYoungGen      total 98304K, used 86855K [0x00000000e0000000, 0x00000000e8c00000, 0x0000000100000000)
  eden space 87040K, 99% used [0x00000000e0000000,0x00000000e54d1e10,0x00000000e5500000)
  from space 11264K, 0% used [0x00000000e5500000,0x00000000e5500000,0x00000000e6000000)
  to   space 10752K, 0% used [0x00000000e8180000,0x00000000e8180000,0x00000000e8c00000)
 ParOldGen       total 60928K, used 16208K [0x00000000a0000000, 0x00000000a3b80000, 0x00000000e0000000)
  object space 60928K, 26% used [0x00000000a0000000,0x00000000a0fd4278,0x00000000a3b80000)
 Metaspace       used 41382K, capacity 42198K, committed 42240K, reserved 1085440K
  class space    used 5524K, capacity 5870K, committed 5888K, reserved 1048576K
Event: 24.800 GC heap after
Heap after GC invocations=12 (full 2):
 PSYoungGen      total 122880K, used 9876K [0x00000000e0000000, 0x00000000e8b80000, 0x0000000100000000)
  eden space 112640K, 0% used [0x00000000e0000000,0x00000000e0000000,0x00000000e6e00000)
  from space 10240K, 96% used [0x00000000e8180000,0x00000000e8b250a8,0x00000000e8b80000)
  to   space 11776K, 0% used [0x00000000e7480000,0x00000000e7480000,0x00000000e8000000)
 ParOldGen       total 60928K, used 16216K [0x00000000a0000000, 0x00000000a3b80000, 0x00000000e0000000)
  object space 60928K, 26% used [0x00000000a0000000,0x00000000a0fd6278,0x00000000a3b80000)
 Metaspace       used 41382K, capacity 42198K, committed 42240K, reserved 1085440K
  class space    used 5524K, capacity 5870K, committed 5888K, reserved 1048576K
}

